Info : This adapter doesn't support configurable speed
Info : STLINK v2 JTAG v20 API v2 SWIM v4 VID 0x0483 PID 0x374B
Info : using stlink api v2
Info : Target voltage: 3.259513
Info : stm32f4x.cpu: hardware has 6 breakpoints, 4 watchpoints
Info : accepting 'gdb' connection from pipe
Info : device id = 0x10006433
Info : flash size = 512kbytes
undefined debug reason 7 - target needs reset
target state: halted
target halted due to debug-request, current mode: Thread 
xPSR: 0xa1000000 pc: 0x080082da msp: 0x20017fa4
Warn : stepi ignored. GDB will now fetch the register state from the target.
target state: halted
target halted due to debug-request, current mode: Thread 
xPSR: 0x01000000 pc: 0x080081a8 msp: 0x20017ffc
Info : Padding image section 0 with 4 bytes
target state: halted
target halted due to breakpoint, current mode: Thread 
xPSR: 0x61000000 pc: 0x20000042 msp: 0x20017ffc
target state: halted
target halted due to debug-request, current mode: Thread 
xPSR: 0x01000000 pc: 0x080081a8 msp: 0x20017ffc
Info : halted: PC: 0x08008208
Info : halted: PC: 0x0800820c
Info : halted: PC: 0x08008210
Info : halted: PC: 0x08008212
Info : halted: PC: 0x08008216
Info : halted: PC: 0x08008218
Info : halted: PC: 0x0800821a
Info : halted: PC: 0x0800821e
Info : halted: PC: 0x08008222
Info : halted: PC: 0x08008224
Info : halted: PC: 0x08008226
Info : halted: PC: 0x08008228
Info : halted: PC: 0x0800822c
Info : halted: PC: 0x08008230
Info : halted: PC: 0x08008232
Info : halted: PC: 0x08008234
Info : halted: PC: 0x08008238
Info : halted: PC: 0x0800823a
Info : halted: PC: 0x0800823c
Info : halted: PC: 0x0800823e
Info : halted: PC: 0x08008242
Info : halted: PC: 0x08008244
Info : halted: PC: 0x08008246
Info : halted: PC: 0x08008248
Info : halted: PC: 0x0800824a
Info : halted: PC: 0x0800824c
Info : halted: PC: 0x0800824e
Info : halted: PC: 0x08008252
Info : halted: PC: 0x08008254
Info : halted: PC: 0x08008256
Info : halted: PC: 0x08008258
Info : halted: PC: 0x0800825a
Info : halted: PC: 0x0800825c
Info : halted: PC: 0x0800825e
Info : halted: PC: 0x08008260
Info : halted: PC: 0x08008262
Info : halted: PC: 0x0800486c
Info : halted: PC: 0x08008268
Info : halted: PC: 0x0800826a
Info : halted: PC: 0x0800826c
Info : halted: PC: 0x0800826e
Info : halted: PC: 0x08008270
Info : halted: PC: 0x08008274
Info : halted: PC: 0x08008276
Info : halted: PC: 0x08008278
Info : halted: PC: 0x0800827a
Info : halted: PC: 0x0800827c
Info : halted: PC: 0x0800827e
Info : halted: PC: 0x08008280
Info : halted: PC: 0x08004c40
Info : halted: PC: 0x08008286
Info : halted: PC: 0x08008288
Info : halted: PC: 0x0800828c
Info : halted: PC: 0x08008290
Info : halted: PC: 0x08008294
Info : halted: PC: 0x08008298
Info : halted: PC: 0x0800829c
Info : halted: PC: 0x0800829e
Info : halted: PC: 0x080082a2
Info : halted: PC: 0x080082a4
Info : halted: PC: 0x080082a6
Info : halted: PC: 0x080082a8
Info : halted: PC: 0x080082aa
Info : halted: PC: 0x080082ac
Info : halted: PC: 0x080082ae
Info : halted: PC: 0x080082b2
Info : halted: PC: 0x080082b4
Info : halted: PC: 0x08006728
Info : halted: PC: 0x080082ba
Info : halted: PC: 0x080082c4
Info : halted: PC: 0x080003c0
Info : halted: PC: 0x080082ca
Info : halted: PC: 0x08000410
Debugger detaching: resuming execution.
Debugger detaching: resuming execution.
Warn : target not halted
in procedure 'resume'

Info : dropped 'gdb' connection
